Determining if the Q_WS_WIN exist failed with the following output:
Change Dir: /home/lashit/AGM/GSoC/AGMWL/build/CMakeFiles/CMakeTmp

Run Build Command:/usr/bin/make "cmTryCompileExec3431151470/fast"
/usr/bin/make -f CMakeFiles/cmTryCompileExec3431151470.dir/build.make CMakeFiles/cmTryCompileExec3431151470.dir/build
make[1]: Entering directory `/home/lashit/AGM/GSoC/AGMWL/build/CMakeFiles/CMakeTmp'
/usr/bin/cmake -E cmake_progress_report /home/lashit/AGM/GSoC/AGMWL/build/CMakeFiles/CMakeTmp/CMakeFiles 1
Building CXX object CMakeFiles/cmTryCompileExec3431151470.dir/CheckSymbolExists.cxx.o
/usr/bin/c++    -Wall -Wfatal-errors   -I/usr/include/qt4    -o CMakeFiles/cmTryCompileExec3431151470.dir/CheckSymbolExists.cxx.o -c /home/lashit/AGM/GSoC/AGMWL/build/CMakeFiles/CMakeTmp/CheckSymbolExists.cxx
/home/lashit/AGM/GSoC/AGMWL/build/CMakeFiles/CMakeTmp/CheckSymbolExists.cxx: In function ‘int main(int, char**)’:
/home/lashit/AGM/GSoC/AGMWL/build/CMakeFiles/CMakeTmp/CheckSymbolExists.cxx:8:19: error: ‘Q_WS_WIN’ was not declared in this scope
   return ((int*)(&Q_WS_WIN))[argc];
                   ^
compilation terminated due to -Wfatal-errors.
make[1]: *** [CMakeFiles/cmTryCompileExec3431151470.dir/CheckSymbolExists.cxx.o] Error 1
make[1]: Leaving directory `/home/lashit/AGM/GSoC/AGMWL/build/CMakeFiles/CMakeTmp'
make: *** [cmTryCompileExec3431151470/fast] Error 2

File /home/lashit/AGM/GSoC/AGMWL/build/CMakeFiles/CMakeTmp/CheckSymbolExists.cxx:
/* */
#include <QtCore/qglobal.h>

int main(int argc, char** argv)
{
  (void)argv;
#ifndef Q_WS_WIN
  return ((int*)(&Q_WS_WIN))[argc];
#else
  (void)argc;
  return 0;
#endif
}

Determining if the Q_WS_QWS exist failed with the following output:
Change Dir: /home/lashit/AGM/GSoC/AGMWL/build/CMakeFiles/CMakeTmp

Run Build Command:/usr/bin/make "cmTryCompileExec3585887127/fast"
/usr/bin/make -f CMakeFiles/cmTryCompileExec3585887127.dir/build.make CMakeFiles/cmTryCompileExec3585887127.dir/build
make[1]: Entering directory `/home/lashit/AGM/GSoC/AGMWL/build/CMakeFiles/CMakeTmp'
/usr/bin/cmake -E cmake_progress_report /home/lashit/AGM/GSoC/AGMWL/build/CMakeFiles/CMakeTmp/CMakeFiles 1
Building CXX object CMakeFiles/cmTryCompileExec3585887127.dir/CheckSymbolExists.cxx.o
/usr/bin/c++    -Wall -Wfatal-errors   -I/usr/include/qt4    -o CMakeFiles/cmTryCompileExec3585887127.dir/CheckSymbolExists.cxx.o -c /home/lashit/AGM/GSoC/AGMWL/build/CMakeFiles/CMakeTmp/CheckSymbolExists.cxx
/home/lashit/AGM/GSoC/AGMWL/build/CMakeFiles/CMakeTmp/CheckSymbolExists.cxx: In function ‘int main(int, char**)’:
/home/lashit/AGM/GSoC/AGMWL/build/CMakeFiles/CMakeTmp/CheckSymbolExists.cxx:8:19: error: ‘Q_WS_QWS’ was not declared in this scope
   return ((int*)(&Q_WS_QWS))[argc];
                   ^
compilation terminated due to -Wfatal-errors.
make[1]: Leaving directory `/home/lashit/AGM/GSoC/AGMWL/build/CMakeFiles/CMakeTmp'
make[1]: *** [CMakeFiles/cmTryCompileExec3585887127.dir/CheckSymbolExists.cxx.o] Error 1
make: *** [cmTryCompileExec3585887127/fast] Error 2

File /home/lashit/AGM/GSoC/AGMWL/build/CMakeFiles/CMakeTmp/CheckSymbolExists.cxx:
/* */
#include <QtCore/qglobal.h>

int main(int argc, char** argv)
{
  (void)argv;
#ifndef Q_WS_QWS
  return ((int*)(&Q_WS_QWS))[argc];
#else
  (void)argc;
  return 0;
#endif
}

Determining if the Q_WS_MAC exist failed with the following output:
Change Dir: /home/lashit/AGM/GSoC/AGMWL/build/CMakeFiles/CMakeTmp

Run Build Command:/usr/bin/make "cmTryCompileExec1123870626/fast"
/usr/bin/make -f CMakeFiles/cmTryCompileExec1123870626.dir/build.make CMakeFiles/cmTryCompileExec1123870626.dir/build
make[1]: Entering directory `/home/lashit/AGM/GSoC/AGMWL/build/CMakeFiles/CMakeTmp'
/usr/bin/cmake -E cmake_progress_report /home/lashit/AGM/GSoC/AGMWL/build/CMakeFiles/CMakeTmp/CMakeFiles 1
Building CXX object CMakeFiles/cmTryCompileExec1123870626.dir/CheckSymbolExists.cxx.o
/usr/bin/c++    -Wall -Wfatal-errors   -I/usr/include/qt4    -o CMakeFiles/cmTryCompileExec1123870626.dir/CheckSymbolExists.cxx.o -c /home/lashit/AGM/GSoC/AGMWL/build/CMakeFiles/CMakeTmp/CheckSymbolExists.cxx
/home/lashit/AGM/GSoC/AGMWL/build/CMakeFiles/CMakeTmp/CheckSymbolExists.cxx: In function ‘int main(int, char**)’:
/home/lashit/AGM/GSoC/AGMWL/build/CMakeFiles/CMakeTmp/CheckSymbolExists.cxx:8:19: error: ‘Q_WS_MAC’ was not declared in this scope
   return ((int*)(&Q_WS_MAC))[argc];
                   ^
compilation terminated due to -Wfatal-errors.
make[1]: *** [CMakeFiles/cmTryCompileExec1123870626.dir/CheckSymbolExists.cxx.o] Error 1
make[1]: Leaving directory `/home/lashit/AGM/GSoC/AGMWL/build/CMakeFiles/CMakeTmp'
make: *** [cmTryCompileExec1123870626/fast] Error 2

File /home/lashit/AGM/GSoC/AGMWL/build/CMakeFiles/CMakeTmp/CheckSymbolExists.cxx:
/* */
#include <QtCore/qglobal.h>

int main(int argc, char** argv)
{
  (void)argv;
#ifndef Q_WS_MAC
  return ((int*)(&Q_WS_MAC))[argc];
#else
  (void)argc;
  return 0;
#endif
}

